<?xml version="1.0" encoding="UTF-8"?>
<testng-results ignored="0" total="7" passed="7" failed="0" skipped="0">
  <reporter-output>
  </reporter-output>
  <suite started-at="2024-01-09T12:42:45 IST" name="Suite" finished-at="2024-01-09T12:42:45 IST" duration-ms="158">
    <groups>
      <group name="smoke">
        <method signature="Product.addTOCart()[pri:0, instance:shopping.Product@dd8ba08]" name="addTOCart" class="shopping.Product"/>
        <method signature="Payment.UPI()[pri:0, instance:shopping.Payment@4218d6a3]" name="UPI" class="shopping.Payment"/>
        <method signature="Product.compare()[pri:0, instance:shopping.Product@5656be13]" name="compare" class="shopping.Product"/>
        <method signature="User.forgotPasswortd()[pri:0, instance:shopping.User@76505305]" name="forgotPasswortd" class="shopping.User"/>
      </group> <!-- smoke -->
      <group name="purchase">
        <method signature="Payment.debitCard()[pri:0, instance:shopping.Payment@2d7275fc]" name="debitCard" class="shopping.Payment"/>
        <method signature="Product.addTOCart()[pri:0, instance:shopping.Product@dd8ba08]" name="addTOCart" class="shopping.Product"/>
        <method signature="Product.searchProdcut()[pri:0, instance:shopping.Product@dd8ba08]" name="searchProdcut" class="shopping.Product"/>
        <method signature="User.login()[pri:0, instance:shopping.User@399f45b1]" name="login" class="shopping.User"/>
      </group> <!-- purchase -->
    </groups>
    <test started-at="2024-01-09T12:42:45 IST" name="Test" finished-at="2024-01-09T12:42:45 IST" duration-ms="78">
      <class name="shopping.Product">
        <test-method signature="addTOCart()[pri:0, instance:shopping.Product@dd8ba08]" started-at="2024-01-09T12:42:45 IST" name="addTOCart" finished-at="2024-01-09T12:42:45 IST" duration-ms="11" status="PASS">
          <reporter-output>
          </reporter-output>
        </test-method> <!-- addTOCart -->
        <test-method signature="searchProdcut()[pri:0, instance:shopping.Product@dd8ba08]" started-at="2024-01-09T12:42:45 IST" name="searchProdcut" finished-at="2024-01-09T12:42:45 IST" duration-ms="2" status="PASS">
          <reporter-output>
          </reporter-output>
        </test-method> <!-- searchProdcut -->
      </class> <!-- shopping.Product -->
      <class name="shopping.User">
        <test-method signature="login()[pri:0, instance:shopping.User@399f45b1]" started-at="2024-01-09T12:42:45 IST" name="login" finished-at="2024-01-09T12:42:45 IST" duration-ms="1" status="PASS">
          <reporter-output>
          </reporter-output>
        </test-method> <!-- login -->
      </class> <!-- shopping.User -->
      <class name="shopping.Payment">
        <test-method signature="debitCard()[pri:0, instance:shopping.Payment@2d7275fc]" started-at="2024-01-09T12:42:45 IST" name="debitCard" finished-at="2024-01-09T12:42:45 IST" duration-ms="2" status="PASS">
          <reporter-output>
          </reporter-output>
        </test-method> <!-- debitCard -->
      </class> <!-- shopping.Payment -->
    </test> <!-- Test -->
    <test started-at="2024-01-09T12:42:45 IST" name="Test1" finished-at="2024-01-09T12:42:45 IST" duration-ms="14">
      <class name="shopping.Product">
        <test-method signature="compare()[pri:0, instance:shopping.Product@5656be13]" started-at="2024-01-09T12:42:45 IST" name="compare" finished-at="2024-01-09T12:42:45 IST" duration-ms="1" status="PASS">
          <reporter-output>
          </reporter-output>
        </test-method> <!-- compare -->
      </class> <!-- shopping.Product -->
      <class name="shopping.User">
        <test-method signature="forgotPasswortd()[pri:0, instance:shopping.User@76505305]" started-at="2024-01-09T12:42:45 IST" name="forgotPasswortd" finished-at="2024-01-09T12:42:45 IST" duration-ms="1" status="PASS">
          <reporter-output>
          </reporter-output>
        </test-method> <!-- forgotPasswortd -->
      </class> <!-- shopping.User -->
      <class name="shopping.Payment">
        <test-method signature="UPI()[pri:0, instance:shopping.Payment@4218d6a3]" started-at="2024-01-09T12:42:45 IST" name="UPI" finished-at="2024-01-09T12:42:45 IST" duration-ms="2" status="PASS">
          <reporter-output>
          </reporter-output>
        </test-method> <!-- UPI -->
      </class> <!-- shopping.Payment -->
    </test> <!-- Test1 -->
  </suite> <!-- Suite -->
</testng-results>
