<?xml version="1.0" encoding="UTF-8"?>
<!-- Generated by org.testng.reporters.JUnitXMLReporter -->
<testsuite ignored="4" hostname="DESKTOP-S4VQME9" failures="0" tests="1" name="Default test" time="0.051" errors="0" timestamp="2024-01-09T12:37:52 IST">
  <testcase classname="shopping.Payment" name="debitCard" time="0.015"/>
  <testcase classname="shopping.Payment" name="COD" time="0.0">
    <ignored/>
  </testcase> <!-- COD -->
  <testcase classname="shopping.Payment" name="UPI" time="0.0">
    <ignored/>
  </testcase> <!-- UPI -->
  <testcase classname="shopping.Payment" name="creditCard" time="0.0">
    <ignored/>
  </testcase> <!-- creditCard -->
  <testcase classname="shopping.Payment" name="netBanking" time="0.0">
    <ignored/>
  </testcase> <!-- netBanking -->
</testsuite> <!-- Default test -->
