<?xml version="1.0" encoding="UTF-8"?>
<!-- Generated by org.testng.reporters.JUnitXMLReporter -->
<testsuite ignored="0" hostname="DESKTOP-S4VQME9" failures="0" tests="4" name="Default test" time="2.948" errors="0" timestamp="2024-01-11T12:08:56 IST">
  <testcase classname="parameterized.FBPara" name="loginTest" time="0.186"/>
  <testcase classname="parameterized.FBPara" name="loginTest" time="0.168"/>
  <testcase classname="parameterized.FBPara" name="loginTest" time="0.164"/>
  <testcase classname="parameterized.FBPara" name="loginTest" time="0.167"/>
</testsuite> <!-- Default test -->
