<?xml version="1.0" encoding="UTF-8"?>
<!-- Generated by org.testng.reporters.JUnitXMLReporter -->
<testsuite ignored="10" hostname="DESKTOP-S4VQME9" failures="0" tests="3" name="Test1" time="0.014" errors="0" timestamp="2024-01-09T12:42:45 IST">
  <testcase classname="shopping.Product" name="compare" time="0.001"/>
  <testcase classname="shopping.Payment" name="UPI" time="0.002"/>
  <testcase classname="shopping.User" name="forgotPasswortd" time="0.001"/>
  <testcase classname="shopping.Product" name="wishList" time="0.0">
    <ignored/>
  </testcase> <!-- wishList -->
  <testcase classname="shopping.Product" name="searchProdcut" time="0.0">
    <ignored/>
  </testcase> <!-- searchProdcut -->
  <testcase classname="shopping.User" name="login" time="0.0">
    <ignored/>
  </testcase> <!-- login -->
  <testcase classname="shopping.Payment" name="netBanking" time="0.0">
    <ignored/>
  </testcase> <!-- netBanking -->
  <testcase classname="shopping.Payment" name="COD" time="0.0">
    <ignored/>
  </testcase> <!-- COD -->
  <testcase classname="shopping.Payment" name="creditCard" time="0.0">
    <ignored/>
  </testcase> <!-- creditCard -->
  <testcase classname="shopping.Product" name="addTOCart" time="0.0">
    <ignored/>
  </testcase> <!-- addTOCart -->
  <testcase classname="shopping.User" name="CA" time="0.0">
    <ignored/>
  </testcase> <!-- CA -->
  <testcase classname="shopping.Payment" name="debitCard" time="0.0">
    <ignored/>
  </testcase> <!-- debitCard -->
  <testcase classname="shopping.User" name="logout" time="0.0">
    <ignored/>
  </testcase> <!-- logout -->
</testsuite> <!-- Test1 -->
