<?xml version="1.0" encoding="UTF-8"?>
<!-- Generated by org.testng.reporters.JUnitXMLReporter -->
<testsuite ignored="0" hostname="DESKTOP-S4VQME9" failures="0" tests="5" name="Test3" time="0.011" errors="0" timestamp="2024-01-09T12:35:36 IST">
  <testcase classname="shopping.Payment" name="COD" time="0.001"/>
  <testcase classname="shopping.Payment" name="UPI" time="0.001"/>
  <testcase classname="shopping.Payment" name="creditCard" time="0.001"/>
  <testcase classname="shopping.Payment" name="debitCard" time="0.0"/>
  <testcase classname="shopping.Payment" name="netBanking" time="0.0"/>
</testsuite> <!-- Test3 -->
