<?xml version="1.0" encoding="UTF-8"?>
<!-- Generated by org.testng.reporters.JUnitXMLReporter -->
<testsuite ignored="0" hostname="DESKTOP-S4VQME9" failures="0" tests="4" name="Test2" time="0.01" errors="0" timestamp="2024-01-09T12:35:36 IST">
  <testcase classname="shopping.Product" name="addTOCart" time="0.001"/>
  <testcase classname="shopping.Product" name="compare" time="0.002"/>
  <testcase classname="shopping.Product" name="searchProdcut" time="0.0"/>
  <testcase classname="shopping.Product" name="wishList" time="0.0"/>
</testsuite> <!-- Test2 -->
